c:\users\lea\desktop\proyecto_final_laboratorio_ll_consultoriomedico_2021_19_noviembre\debug\vc142.pdb
c:\users\lea\desktop\proyecto_final_laboratorio_ll_consultoriomedico_2021_19_noviembre\debug\vc142.idb
c:\users\lea\desktop\proyecto_final_laboratorio_ll_consultoriomedico_2021_19_noviembre\debug\turno.obj
c:\users\lea\desktop\proyecto_final_laboratorio_ll_consultoriomedico_2021_19_noviembre\debug\templateshtml.obj
c:\users\lea\desktop\proyecto_final_laboratorio_ll_consultoriomedico_2021_19_noviembre\debug\proyecto_final_laboratorio_ll_consultoriomedico_2021.obj
c:\users\lea\desktop\proyecto_final_laboratorio_ll_consultoriomedico_2021_19_noviembre\debug\persona.obj
c:\users\lea\desktop\proyecto_final_laboratorio_ll_consultoriomedico_2021_19_noviembre\debug\paciente.obj
c:\users\lea\desktop\proyecto_final_laboratorio_ll_consultoriomedico_2021_19_noviembre\debug\horarioempleado.obj
c:\users\lea\desktop\proyecto_final_laboratorio_ll_consultoriomedico_2021_19_noviembre\debug\hora.obj
c:\users\lea\desktop\proyecto_final_laboratorio_ll_consultoriomedico_2021_19_noviembre\debug\historiaclinica.obj
c:\users\lea\desktop\proyecto_final_laboratorio_ll_consultoriomedico_2021_19_noviembre\debug\funcionesglobalesdemenus.obj
c:\users\lea\desktop\proyecto_final_laboratorio_ll_consultoriomedico_2021_19_noviembre\debug\funcionesglobales.obj
c:\users\lea\desktop\proyecto_final_laboratorio_ll_consultoriomedico_2021_19_noviembre\debug\fecha_hora.obj
c:\users\lea\desktop\proyecto_final_laboratorio_ll_consultoriomedico_2021_19_noviembre\debug\fecha.obj
c:\users\lea\desktop\proyecto_final_laboratorio_ll_consultoriomedico_2021_19_noviembre\debug\facturaconsulta.obj
c:\users\lea\desktop\proyecto_final_laboratorio_ll_consultoriomedico_2021_19_noviembre\debug\especialidad.obj
c:\users\lea\desktop\proyecto_final_laboratorio_ll_consultoriomedico_2021_19_noviembre\debug\empleado.obj
c:\users\lea\desktop\proyecto_final_laboratorio_ll_consultoriomedico_2021_19_noviembre\debug\direccion.obj
c:\users\lea\desktop\proyecto_final_laboratorio_ll_consultoriomedico_2021_19_noviembre\debug\cadena.obj
c:\users\lea\desktop\debug\proyecto_final_laboratorio_ll_consultoriomedico_2021.exe
c:\users\lea\desktop\proyecto_final_laboratorio_ll_consultoriomedico_2021_19_noviembre\debug\proyecto_final_laboratorio_ll_consultoriomedico_2021.ilk
c:\users\lea\desktop\debug\proyecto_final_laboratorio_ll_consultoriomedico_2021.pdb
c:\users\lea\desktop\proyecto_final_laboratorio_ll_consultoriomedico_2021_19_noviembre\debug\proyecto_final_laboratorio_ll_consultoriomedico_2021.res
c:\users\lea\desktop\proyecto_final_laboratorio_ll_consultoriomedico_2021_19_noviembre\debug\proyecto_final_laboratorio_ll_consultoriomedico_2021.pdb
c:\users\lea\desktop\proyecto_final_laboratorio_ll_consultoriomedico_2021_19_noviembre\debug\proyecto.99d7a356.tlog\cl.command.1.tlog
c:\users\lea\desktop\proyecto_final_laboratorio_ll_consultoriomedico_2021_19_noviembre\debug\proyecto.99d7a356.tlog\cl.read.1.tlog
c:\users\lea\desktop\proyecto_final_laboratorio_ll_consultoriomedico_2021_19_noviembre\debug\proyecto.99d7a356.tlog\cl.write.1.tlog
c:\users\lea\desktop\proyecto_final_laboratorio_ll_consultoriomedico_2021_19_noviembre\debug\proyecto.99d7a356.tlog\link.command.1.tlog
c:\users\lea\desktop\proyecto_final_laboratorio_ll_consultoriomedico_2021_19_noviembre\debug\proyecto.99d7a356.tlog\link.read.1.tlog
c:\users\lea\desktop\proyecto_final_laboratorio_ll_consultoriomedico_2021_19_noviembre\debug\proyecto.99d7a356.tlog\link.write.1.tlog
c:\users\lea\desktop\proyecto_final_laboratorio_ll_consultoriomedico_2021_19_noviembre\debug\proyecto.99d7a356.tlog\rc.command.1.tlog
c:\users\lea\desktop\proyecto_final_laboratorio_ll_consultoriomedico_2021_19_noviembre\debug\proyecto.99d7a356.tlog\rc.read.1.tlog
c:\users\lea\desktop\proyecto_final_laboratorio_ll_consultoriomedico_2021_19_noviembre\debug\proyecto.99d7a356.tlog\rc.write.1.tlog
